<?xml version="1.0" encoding="UTF-8"?>
<!-- Generated by org.testng.reporters.JUnitReportReporter -->
<testsuite hostname="DESKTOP-UEFCS5P" failures="0" tests="1" name="automation.testsuite.Day12_Checkbox" time="7.035" errors="0" timestamp="2023-11-21T20:13:00 ICT" skipped="0">
  <testcase classname="automation.testsuite.Day12_Checkbox" name="clickOnMultiCheckBox" time="7.035"/>
  <system-out/>
</testsuite> <!-- automation.testsuite.Day12_Checkbox -->
