<?xml version="1.0" encoding="UTF-8"?>
<!-- Generated by org.testng.reporters.JUnitReportReporter -->
<testsuite hostname="DESKTOP-UEFCS5P" failures="0" tests="4" name="automation.testsuite.LoginTest" time="68.488" errors="0" timestamp="2023-11-27T23:46:34 ICT" skipped="0">
  <testcase classname="automation.testsuite.LoginTest" name="LoginSuccessfully" time="15.301"/>
  <system-out/>
  <testcase classname="automation.testsuite.LoginTest" name="LoginFailIncorrectEmail" time="16.682"/>
  <system-out/>
  <testcase classname="automation.testsuite.LoginTest" name="LoginFailIncorrectPass" time="13.278"/>
  <system-out/>
  <testcase classname="automation.testsuite.LoginTest" name="LoginFailIncorrectEmailAndPass" time="23.227"/>
  <system-out/>
</testsuite> <!-- automation.testsuite.LoginTest -->
