<?xml version="1.0" encoding="UTF-8"?>
<!-- Generated by org.testng.reporters.JUnitReportReporter -->
<testsuite hostname="DESKTOP-UEFCS5P" failures="0" tests="1" name="automation.testsuite.TrizenTest" time="25.258" errors="0" timestamp="2023-12-05T15:53:27 ICT" skipped="0">
  <testcase classname="automation.testsuite.TrizenTest" name="AddClientSuccessful" time="25.258"/>
  <system-out/>
</testsuite> <!-- automation.testsuite.TrizenTest -->
