<?xml version="1.0" encoding="UTF-8"?>
<!-- Generated by org.testng.reporters.JUnitReportReporter -->
<testsuite hostname="DESKTOP-UEFCS5P" failures="0" tests="1" name="automation.testsuite.Day12_BTVN" time="6.154" errors="0" timestamp="2023-11-27T22:59:45 ICT" skipped="0">
  <testcase classname="automation.testsuite.Day12_BTVN" name="SelectOneOptionFromDropdownlist" time="6.154"/>
  <system-out/>
</testsuite> <!-- automation.testsuite.Day12_BTVN -->
