<?xml version="1.0" encoding="UTF-8"?>
<!-- Generated by org.testng.reporters.JUnitReportReporter -->
<testsuite hostname="DESKTOP-UEFCS5P" failures="0" tests="1" name="automation.testsuite.Day8_Practice3" time="7.522" errors="0" timestamp="2023-11-17T23:37:37 ICT" skipped="0">
  <testcase classname="automation.testsuite.Day8_Practice3" name="getLocatorsOnThePage" time="7.522"/>
  <system-out/>
</testsuite> <!-- automation.testsuite.Day8_Practice3 -->
