<?xml version="1.0" encoding="UTF-8"?>
<!-- Generated by org.testng.reporters.JUnitReportReporter -->
<testsuite hostname="DESKTOP-UEFCS5P" failures="0" tests="2" name="automation.testsuite.Day8_Practice2" time="11.253" errors="0" timestamp="2023-11-17T23:36:00 ICT" skipped="0">
  <testcase classname="automation.testsuite.Day8_Practice2" name="getLocatorByClassName_TagName" time="5.162"/>
  <system-out/>
  <testcase classname="automation.testsuite.Day8_Practice2" name="getLocatorByText" time="6.091"/>
  <system-out/>
</testsuite> <!-- automation.testsuite.Day8_Practice2 -->
