<?xml version="1.0" encoding="UTF-8"?>
<!-- Generated by org.testng.reporters.JUnitReportReporter -->
<testsuite hostname="DESKTOP-UEFCS5P" failures="0" tests="1" name="automation.testsuite.Day12_Dropdownlist" time="7.229" errors="0" timestamp="2023-11-21T21:20:42 ICT" skipped="0">
  <testcase classname="automation.testsuite.Day12_Dropdownlist" name="SelectOneOptionFromDropdownlist" time="7.229"/>
  <system-out/>
</testsuite> <!-- automation.testsuite.Day12_Dropdownlist -->
