<?xml version="1.0" encoding="UTF-8"?>
<!-- Generated by org.testng.reporters.JUnitReportReporter -->
<testsuite hostname="DESKTOP-UEFCS5P" failures="0" tests="1" name="automation.testsuite.Day12_RadioButton" time="3.881" errors="0" timestamp="2023-11-21T20:46:59 ICT" skipped="0">
  <testcase classname="automation.testsuite.Day12_RadioButton" name="testCheckbox" time="3.881"/>
  <system-out/>
</testsuite> <!-- automation.testsuite.Day12_RadioButton -->
