<?xml version="1.0" encoding="UTF-8"?>
<!-- Generated by org.testng.reporters.JUnitReportReporter -->
<testsuite hostname="DESKTOP-UEFCS5P" failures="0" tests="1" name="automation.testsuite.Day8_BTVN" time="4.649" errors="0" timestamp="2023-11-18T00:19:23 ICT" skipped="0">
  <testcase classname="automation.testsuite.Day8_BTVN" name="GetLocator" time="4.649"/>
  <system-out/>
</testsuite> <!-- automation.testsuite.Day8_BTVN -->
